info it worked if it ends with ok
verbose cli [ 'node', '/usr/local/bin/npm', 'install', 'node.js' ]
info using npm@1.0.106
info using node@v0.6.15
verbose /usr/bin/node node symlink
verbose config file /root/.npmrc
verbose config file /usr/etc/npmrc
verbose config file /usr/local/lib/node_modules/npm/npmrc
silly testEngine { name: 'node-express-boilerplate',
silly testEngine   description: 'A boilerplate used to quickly get projects going.',
silly testEngine   version: '0.0.2',
silly testEngine   author: { name: 'Mathias Pettersson', email: 'mape@mape.me' },
silly testEngine   engines: [ 'node', node: '*' ],
silly testEngine   repository: 
silly testEngine    { type: 'git',
silly testEngine      url: 'git://github.com/mape/node-express-boilerplate.git' },
silly testEngine   dependencies: 
silly testEngine    { connect: '>=1.6.0',
silly testEngine      'connect-assetmanager': '>=0.0.21',
silly testEngine      'connect-assetmanager-handlers': '>=0.0.17',
silly testEngine      ejs: '>=0.4.3',
silly testEngine      express: '>=2.4.3',
silly testEngine      'socket.io': '>=0.7.8',
silly testEngine      'connect-redis': '>=1.0.7',
silly testEngine      'connect-notifo': '>=0.0.1',
silly testEngine      airbrake: '>=0.2.0',
silly testEngine      everyauth: '>=0.2.18' },
silly testEngine   _id: 'node-express-boilerplate@0.0.2',
silly testEngine   scripts: { start: 'node server.js' },
silly testEngine   devDependencies: {},
silly testEngine   _engineSupported: true,
silly testEngine   _npmVersion: '1.0.106',
silly testEngine   _nodeVersion: 'v0.6.15',
silly testEngine   _defaultsLoaded: true }
verbose caching /home/dev/dressable/old-boiler/package.json
verbose loadDefaults node-express-boilerplate@0.0.2
silly testEngine { name: 'n',
silly testEngine   description: 'node version manager',
silly testEngine   version: '0.7.1',
silly testEngine   author: { name: 'TJ Holowaychuk', email: 'tj@vision-media.ca' },
silly testEngine   keywords: [ 'node', 'binary', 'version', 'env' ],
silly testEngine   bin: { n: './bin/n' },
silly testEngine   engines: { node: '*' },
silly testEngine   _id: 'n@0.7.1',
silly testEngine   dependencies: {},
silly testEngine   devDependencies: {},
silly testEngine   _engineSupported: true,
silly testEngine   _npmVersion: '1.0.106',
silly testEngine   _nodeVersion: 'v0.6.15',
silly testEngine   _defaultsLoaded: true }
verbose caching /home/dev/dressable/old-boiler/node_modules/n/package.json
verbose loadDefaults n@0.7.1
silly testEngine { name: 'connect-assetmanager',
silly testEngine   description: 'Middleware for Connect (node.js) for handling your static assets.',
silly testEngine   version: '0.0.27',
silly testEngine   author: { name: 'Mathias Pettersson', email: 'mape@mape.me' },
silly testEngine   keywords: [ 'build', 'assets', 'css', 'javascript' ],
silly testEngine   engines: [ 'node', node: '*' ],
silly testEngine   directories: { lib: './lib' },
silly testEngine   main: './lib/assetmanager',
silly testEngine   repository: 
silly testEngine    [ { type: 'git',
silly testEngine        url: 'http://github.com/mape/connect-assetmanager.git' },
silly testEngine      url: '' ],
silly testEngine   dependencies: { request: '>=0.10.0', step: '>=0.0.3' },
silly testEngine   _id: 'connect-assetmanager@0.0.27',
silly testEngine   devDependencies: {},
silly testEngine   _engineSupported: true,
silly testEngine   _npmVersion: '1.0.106',
silly testEngine   _nodeVersion: 'v0.6.15',
silly testEngine   _defaultsLoaded: true }
verbose caching /home/dev/dressable/old-boiler/node_modules/connect-assetmanager/package.json
verbose loadDefaults connect-assetmanager@0.0.27
silly testEngine { name: 'connect-notifo',
silly testEngine   description: 'Connect middleware for notifo alerts.',
silly testEngine   version: '0.0.1',
silly testEngine   author: { name: 'Mathias Pettersson', email: 'mape@mape.me' },
silly testEngine   engines: [ 'node', node: '*' ],
silly testEngine   directories: { lib: './lib' },
silly testEngine   main: './lib/notifo',
silly testEngine   repository: { type: 'git', url: 'git://github.com/mape/connect-notifo.git' },
silly testEngine   dependencies: { notifo: '>=0.0.2' },
silly testEngine   _id: 'connect-notifo@0.0.1',
silly testEngine   devDependencies: {},
silly testEngine   _engineSupported: true,
silly testEngine   _npmVersion: '1.0.106',
silly testEngine   _nodeVersion: 'v0.6.15',
silly testEngine   _defaultsLoaded: true }
verbose caching /home/dev/dressable/old-boiler/node_modules/connect-notifo/package.json
verbose loadDefaults connect-notifo@0.0.1
silly testEngine { name: 'connect',
silly testEngine   version: '1.8.7',
silly testEngine   description: 'High performance middleware framework',
silly testEngine   keywords: [ 'framework', 'web', 'middleware', 'connect', 'rack' ],
silly testEngine   repository: { type: 'git', url: 'git://github.com/senchalabs/connect.git' },
silly testEngine   author: 
silly testEngine    { name: 'TJ Holowaychuk',
silly testEngine      email: 'tj@vision-media.ca',
silly testEngine      url: 'http://tjholowaychuk.com' },
silly testEngine   dependencies: { qs: '>= 0.4.0', mime: '>= 0.0.1', formidable: '1.0.x' },
silly testEngine   devDependencies: 
silly testEngine    { expresso: '0.9.2',
silly testEngine      koala: '0.1.2',
silly testEngine      less: '1.1.1',
silly testEngine      sass: '0.5.0',
silly testEngine      markdown: '0.2.1',
silly testEngine      ejs: '0.4.3',
silly testEngine      should: '0.3.2' },
silly testEngine   publishConfig: { tag: '1.8' },
silly testEngine   main: 'index',
silly testEngine   engines: { node: '>= 0.4.1 < 0.7.0' },
silly testEngine   _id: 'connect@1.8.7',
silly testEngine   _engineSupported: true,
silly testEngine   _npmVersion: '1.0.106',
silly testEngine   _nodeVersion: 'v0.6.15',
silly testEngine   _defaultsLoaded: true }
verbose caching /home/dev/dressable/old-boiler/node_modules/connect/package.json
verbose loadDefaults connect@1.8.7
silly testEngine { name: 'connect-assetmanager-handlers',
silly testEngine   description: 'Post and pre hooks for connect-assetmanager.',
silly testEngine   version: '0.0.18',
silly testEngine   author: { name: 'Mathias Pettersson', email: 'mape@mape.me' },
silly testEngine   engines: [ 'node', node: '*' ],
silly testEngine   directories: { lib: './lib' },
silly testEngine   main: './lib/handlers',
silly testEngine   repository: 
silly testEngine    { type: 'git',
silly testEngine      url: 'git://github.com/mape/connect-assetmanager-handlers.git' },
silly testEngine   dependencies: { request: '>=0.9.5', step: '>=0.0.3', 'uglify-js': '>=0.0.1' },
silly testEngine   _id: 'connect-assetmanager-handlers@0.0.18',
silly testEngine   devDependencies: {},
silly testEngine   _engineSupported: true,
silly testEngine   _npmVersion: '1.0.106',
silly testEngine   _nodeVersion: 'v0.6.15',
silly testEngine   _defaultsLoaded: true }
verbose caching /home/dev/dressable/old-boiler/node_modules/connect-assetmanager-handlers/package.json
verbose loadDefaults connect-assetmanager-handlers@0.0.18
silly testEngine { name: 'connect-redis',
silly testEngine   description: 'Redis session store for Connect',
silly testEngine   version: '1.3.0',
silly testEngine   author: { name: 'TJ Holowaychuk', email: 'tj@vision-media.ca' },
silly testEngine   main: './index.js',
silly testEngine   dependencies: { redis: '*', debug: '*' },
silly testEngine   devDependencies: { connect: '*' },
silly testEngine   engines: { node: '*' },
silly testEngine   _id: 'connect-redis@1.3.0',
silly testEngine   _engineSupported: true,
silly testEngine   _npmVersion: '1.0.106',
silly testEngine   _nodeVersion: 'v0.6.15',
silly testEngine   _defaultsLoaded: true }
verbose caching /home/dev/dressable/old-boiler/node_modules/connect-redis/package.json
verbose loadDefaults connect-redis@1.3.0
silly testEngine { name: 'express',
silly testEngine   description: 'Sinatra inspired web development framework',
silly testEngine   version: '2.5.9',
silly testEngine   author: { name: 'TJ Holowaychuk', email: 'tj@vision-media.ca' },
silly testEngine   contributors: 
silly testEngine    [ { name: 'TJ Holowaychuk', email: 'tj@vision-media.ca' },
silly testEngine      { name: 'Aaron Heckmann',
silly testEngine        email: 'aaron.heckmann+github@gmail.com' },
silly testEngine      { name: 'Ciaran Jessup', email: 'ciaranj@gmail.com' },
silly testEngine      { name: 'Guillermo Rauch', email: 'rauchg@gmail.com' } ],
silly testEngine   dependencies: { connect: '1.x', mime: '1.2.4', qs: '0.4.x', mkdirp: '0.3.0' },
silly testEngine   devDependencies: 
silly testEngine    { 'connect-form': '0.2.1',
silly testEngine      ejs: '0.4.2',
silly testEngine      expresso: '0.9.2',
silly testEngine      hamljs: '0.6.x',
silly testEngine      jade: '0.16.2',
silly testEngine      stylus: '0.13.0',
silly testEngine      should: '0.3.2',
silly testEngine      'express-messages': '0.0.2',
silly testEngine      'node-markdown': '>= 0.0.1',
silly testEngine      'connect-redis': '>= 0.0.1' },
silly testEngine   keywords: [ 'framework', 'sinatra', 'web', 'rest', 'restful' ],
silly testEngine   repository: { type: 'git', url: 'git://github.com/visionmedia/express.git' },
silly testEngine   main: 'index',
silly testEngine   bin: { express: './bin/express' },
silly testEngine   scripts: { test: 'make test', prepublish: 'npm prune' },
silly testEngine   engines: { node: '>= 0.4.1 < 0.7.0' },
silly testEngine   _id: 'express@2.5.9',
silly testEngine   _engineSupported: true,
silly testEngine   _npmVersion: '1.0.106',
silly testEngine   _nodeVersion: 'v0.6.15',
silly testEngine   _defaultsLoaded: true }
verbose caching /home/dev/dressable/old-boiler/node_modules/express/package.json
verbose loadDefaults express@2.5.9
silly testEngine { author: 
silly testEngine    { name: 'Felix Geisendörfer',
silly testEngine      email: 'felix@debuggable.com',
silly testEngine      url: 'http://debuggable.com/' },
silly testEngine   name: 'airbrake',
silly testEngine   description: 'Node.js client for airbrakeapp.com, formerly known as hoptoadapp.com.',
silly testEngine   version: '0.2.4',
silly testEngine   homepage: 'https://github.com/felixge/node-airbrake',
silly testEngine   repository: 
silly testEngine    { type: 'git',
silly testEngine      url: 'git://github.com/felixge/node-airbrake.git' },
silly testEngine   main: './index',
silly testEngine   engines: { node: '*' },
silly testEngine   dependencies: 
silly testEngine    { request: '1.9.8',
silly testEngine      xmlbuilder: '0.1.5',
silly testEngine      'stack-trace': '0.0.5',
silly testEngine      hashish: '0.0.4' },
silly testEngine   devDependencies: { sinon: '1.1.1', far: '0.0.4' },
silly testEngine   _id: 'airbrake@0.2.4',
silly testEngine   _engineSupported: true,
silly testEngine   _npmVersion: '1.0.106',
silly testEngine   _nodeVersion: 'v0.6.15',
silly testEngine   _defaultsLoaded: true }
verbose caching /home/dev/dressable/old-boiler/node_modules/airbrake/package.json
verbose loadDefaults airbrake@0.2.4
silly testEngine { name: 'ejs',
silly testEngine   description: 'Embedded JavaScript templates',
silly testEngine   version: '0.7.1',
silly testEngine   author: { name: 'TJ Holowaychuk', email: 'tj@vision-media.ca' },
silly testEngine   keywords: [ 'template', 'engine', 'ejs' ],
silly testEngine   devDependencies: { mocha: '*' },
silly testEngine   main: './lib/ejs.js',
silly testEngine   _id: 'ejs@0.7.1',
silly testEngine   dependencies: {},
silly testEngine   engines: { node: '*' },
silly testEngine   _engineSupported: true,
silly testEngine   _npmVersion: '1.0.106',
silly testEngine   _nodeVersion: 'v0.6.15',
silly testEngine   _defaultsLoaded: true }
verbose caching /home/dev/dressable/old-boiler/node_modules/ejs/package.json
verbose loadDefaults ejs@0.7.1
silly testEngine { name: 'everyauth',
silly testEngine   description: 'Auth solution (password, facebook, & more) for your node.js Connect & Express apps',
silly testEngine   version: '0.2.32',
silly testEngine   homepage: 'https://github.com/bnoguchi/everyauth/',
silly testEngine   repository: { type: 'git', url: 'git://github.com/bnoguchi/everyauth.git' },
silly testEngine   author: 
silly testEngine    { name: 'Brian Noguchi',
silly testEngine      email: 'brian.noguchi@gmail.com',
silly testEngine      url: 'https://github.com/bnoguchi/' },
silly testEngine   keywords: 
silly testEngine    [ 'auth',
silly testEngine      'oauth',
silly testEngine      'password',
silly testEngine      'facebook',
silly testEngine      'openid',
silly testEngine      'twitter',
silly testEngine      'dropbox',
silly testEngine      'authorization',
silly testEngine      'authentication',
silly testEngine      'connect',
silly testEngine      'express' ],
silly testEngine   main: './index.js',
silly testEngine   directories: { lib: 'lib' },
silly testEngine   dependencies: 
silly testEngine    { oauth: 'https://github.com/ciaranj/node-oauth/tarball/master',
silly testEngine      restler: '>=0.2.1',
silly testEngine      request: '>=2.2.0',
silly testEngine      connect: '>=1 <2',
silly testEngine      openid: '>=0.2.0',
silly testEngine      xml2js: '>=0.1.7',
silly testEngine      'node-swt': '>=0.1.1',
silly testEngine      'node-wsfederation': '>=0.1.1',
silly testEngine      debug: '0.5.0' },
silly testEngine   devDependencies: 
silly testEngine    { express: '>=2.3.10',
silly testEngine      jade: '>=0.12.1',
silly testEngine      tobi: '>=0.2.2',
silly testEngine      'expect.js': '>=0.1.2',
silly testEngine      mocha: '>=0.13.0',
silly testEngine      satisfy: '>=0.1.0' },
silly testEngine   engines: { node: '>=0.4' },
silly testEngine   optionalDependencies: {},
silly testEngine   _id: 'everyauth@0.2.32',
silly testEngine   _engineSupported: true,
silly testEngine   _npmVersion: '1.0.106',
silly testEngine   _nodeVersion: 'v0.6.15',
silly testEngine   _defaultsLoaded: true }
verbose caching /home/dev/dressable/old-boiler/node_modules/everyauth/package.json
verbose loadDefaults everyauth@0.2.32
silly testEngine { name: 'uglify-js',
silly testEngine   description: 'JavaScript parser and compressor/beautifier toolkit',
silly testEngine   author: 
silly testEngine    { name: 'Mihai Bazon',
silly testEngine      email: 'mihai.bazon@gmail.com',
silly testEngine      url: 'http://mihai.bazon.net/blog' },
silly testEngine   version: '1.2.6',
silly testEngine   main: './uglify-js.js',
silly testEngine   bin: { uglifyjs: './bin/uglifyjs' },
silly testEngine   repository: { type: 'git', url: 'git@github.com:mishoo/UglifyJS.git' },
silly testEngine   _id: 'uglify-js@1.2.6',
silly testEngine   dependencies: {},
silly testEngine   devDependencies: {},
silly testEngine   engines: { node: '*' },
silly testEngine   _engineSupported: true,
silly testEngine   _npmVersion: '1.0.106',
silly testEngine   _nodeVersion: 'v0.6.15',
silly testEngine   _defaultsLoaded: true }
verbose caching /home/dev/dressable/old-boiler/node_modules/uglify-js/package.json
verbose loadDefaults uglify-js@1.2.6
silly testEngine { author: 
silly testEngine    { name: 'Felix Geisendörfer',
silly testEngine      email: 'felix@debuggable.com',
silly testEngine      url: 'http://debuggable.com/' },
silly testEngine   name: 'active-x-obfuscator',
silly testEngine   description: 'A module to (safely) obfuscate all occurrences of the string \'ActiveX\' inside any JavaScript code.',
silly testEngine   version: '0.0.1',
silly testEngine   homepage: 'https://github.com/felixge/node-active-x-obfuscator',
silly testEngine   repository: 
silly testEngine    { type: 'git',
silly testEngine      url: 'git://github.com/felixge/node-active-x-obfuscator.git' },
silly testEngine   main: './index',
silly testEngine   scripts: { test: 'node test.js' },
silly testEngine   engines: { node: '*' },
silly testEngine   dependencies: { zeparser: '0.0.5' },
silly testEngine   devDependencies: {},
silly testEngine   optionalDependencies: {},
silly testEngine   _id: 'active-x-obfuscator@0.0.1',
silly testEngine   _engineSupported: true,
silly testEngine   _npmVersion: '1.0.106',
silly testEngine   _nodeVersion: 'v0.6.15',
silly testEngine   _defaultsLoaded: true }
verbose caching /home/dev/dressable/old-boiler/node_modules/active-x-obfuscator/package.json
verbose loadDefaults active-x-obfuscator@0.0.1
silly testEngine { name: 'socket.io',
silly testEngine   version: '0.9.6',
silly testEngine   description: 'Real-time apps made cross-browser & easy with a WebSocket-like API',
silly testEngine   homepage: 'http://socket.io',
silly testEngine   keywords: [ 'websocket', 'socket', 'realtime', 'socket.io', 'comet', 'ajax' ],
silly testEngine   author: { name: 'Guillermo Rauch', email: 'guillermo@learnboost.com' },
silly testEngine   contributors: 
silly testEngine    [ { name: 'Guillermo Rauch', email: 'rauchg@gmail.com' },
silly testEngine      { name: 'Arnout Kazemier', email: 'info@3rd-eden.com' },
silly testEngine      { name: 'Vladimir Dronnikov', email: 'dronnikov@gmail.com' },
silly testEngine      { name: 'Einar Otto Stangvik', email: 'einaros@gmail.com' } ],
silly testEngine   repository: 
silly testEngine    { type: 'git',
silly testEngine      url: 'git://github.com/LearnBoost/socket.io.git' },
silly testEngine   dependencies: 
silly testEngine    { 'socket.io-client': '0.9.6',
silly testEngine      policyfile: '0.0.4',
silly testEngine      redis: '0.6.7' },
silly testEngine   devDependencies: 
silly testEngine    { expresso: '0.9.2',
silly testEngine      should: '0.0.4',
silly testEngine      benchmark: '0.2.2',
silly testEngine      microtime: '0.1.3-1',
silly testEngine      colors: '0.5.1' },
silly testEngine   main: 'index',
silly testEngine   engines: { node: '>= 0.4.0' },
silly testEngine   scripts: { test: 'make test' },
silly testEngine   _id: 'socket.io@0.9.6',
silly testEngine   _engineSupported: true,
silly testEngine   _npmVersion: '1.0.106',
silly testEngine   _nodeVersion: 'v0.6.15',
silly testEngine   _defaultsLoaded: true }
verbose caching /home/dev/dressable/old-boiler/node_modules/socket.io/package.json
verbose loadDefaults socket.io@0.9.6
silly testEngine { name: 'mongoose',
silly testEngine   description: 'Mongoose MongoDB ODM',
silly testEngine   version: '2.6.0',
silly testEngine   author: { name: 'Guillermo Rauch', email: 'guillermo@learnboost.com' },
silly testEngine   keywords: 
silly testEngine    [ 'mongodb',
silly testEngine      'mongoose',
silly testEngine      'orm',
silly testEngine      'data',
silly testEngine      'datastore',
silly testEngine      'nosql',
silly testEngine      'odm',
silly testEngine      'sql' ],
silly testEngine   dependencies: { hooks: '0.2.1', mongodb: '0.9.9-7' },
silly testEngine   devDependencies: { should: '0.2.1', gleak: '0.2.1', 'cli-table': '0.0.1' },
silly testEngine   directories: { lib: './lib/mongoose' },
silly testEngine   scripts: { test: 'make test' },
silly testEngine   main: './index.js',
silly testEngine   engines: { node: '>= 0.4.0' },
silly testEngine   repository: { type: 'git', url: 'git://github.com/LearnBoost/mongoose.git' },
silly testEngine   _id: 'mongoose@2.6.0',
silly testEngine   _engineSupported: true,
silly testEngine   _npmVersion: '1.0.106',
silly testEngine   _nodeVersion: 'v0.6.15',
silly testEngine   _defaultsLoaded: true }
verbose caching /home/dev/dressable/old-boiler/node_modules/mongoose/package.json
verbose loadDefaults mongoose@2.6.0
verbose from cache /home/dev/dressable/old-boiler/package.json
verbose into /home/dev/dressable/old-boiler [ 'node.js' ]
verbose cache add node.js
verbose cache add [ 'node.js', null ]
silly cache add: name, spec, args [ undefined, 'node.js', [ 'node.js', null ] ]
verbose parsed url { pathname: 'node.js', path: 'node.js', href: 'node.js' }
info addNamed [ 'node.js', '' ]
verbose addNamed [ null, '' ]
verbose GET node.js
verbose raw, before any munging node.js
verbose url resolving [ 'https://registry.npmjs.org/', './node.js' ]
verbose url resolved https://registry.npmjs.org/node.js
silly get cb [ 404,
silly get cb   { server: 'CouchDB/1.2.0 (Erlang OTP/R15B)',
silly get cb     date: 'Tue, 26 Jun 2012 16:20:38 GMT',
silly get cb     'content-type': 'application/json',
silly get cb     'content-length': '52',
silly get cb     'cache-control': 'must-revalidate' } ]
ERR! 404 'node.js' is not in the npm registry.
ERR! 404 You could maybe bug the author to publish it
ERR! 404 Maybe try 'npm search js'
ERR! 404 Note that you can also install from a tarball or folder.
ERR! 
ERR! System Linux 2.6.18-028stab095.1
ERR! command "node" "/usr/local/bin/npm" "install" "node.js"
ERR! cwd /home/dev/dressable/old-boiler
ERR! node -v v0.6.15
ERR! npm -v 1.0.106
ERR! code E404
verbose exit [ 1, true ]
